<?xml version="1.0" encoding="UTF-8"?>
<!-- Generated by org.testng.reporters.JUnitReportReporter -->
<testsuite hostname="DESKTOP-MT2VN0S" failures="0" tests="1" name="testCases.TC5_VerifyOneWay" time="0.394" errors="0" timestamp="2022-06-30T15:49:38 IST" skipped="0">
  <testcase classname="testCases.TC5_VerifyOneWay" name="verify" time="0.394"/>
  <system-out/>
</testsuite> <!-- testCases.TC5_VerifyOneWay -->
